<?xml version="1.0" encoding="UTF-8"?>
<!-- Generated by org.testng.reporters.JUnitReportReporter -->
<testsuite hostname="LAPTOP-P7E9KHCM" failures="2" tests="102" name="test.ApplicationFastFood" time="12.330" errors="1" timestamp="2023-04-10T16:06:52 ICT" skipped="0">
  <testcase classname="test.ApplicationFastFood" name="testUpdateProduct" time="0.125"/>
  <system-out/>
  <testcase classname="test.ApplicationFastFood" name="testUpdateProduct" time="0.159"/>
  <system-out/>
  <testcase classname="test.ApplicationFastFood" name="testUpdateProduct" time="0.132"/>
  <system-out/>
  <testcase classname="test.ApplicationFastFood" name="testUpdateProduct" time="0.108"/>
  <system-out/>
  <testcase classname="test.ApplicationFastFood" name="testUpdateProduct" time="0.134"/>
  <system-out/>
  <testcase classname="test.ApplicationFastFood" name="testUpdateProduct" time="0.103"/>
  <system-out/>
  <testcase classname="test.ApplicationFastFood" name="testUpdateProduct" time="0.114"/>
  <system-out/>
  <testcase classname="test.ApplicationFastFood" name="testUpdateProduct" time="0.108"/>
  <system-out/>
  <testcase classname="test.ApplicationFastFood" name="testUpdateProduct" time="0.147"/>
  <system-out/>
  <testcase classname="test.ApplicationFastFood" name="testUpdateProduct" time="0.158"/>
  <system-out/>
  <testcase classname="test.ApplicationFastFood" name="testUpdateProduct" time="0.159"/>
  <system-out/>
  <testcase classname="test.ApplicationFastFood" name="testUpdateProduct" time="0.153"/>
  <system-out/>
  <testcase classname="test.ApplicationFastFood" name="testUpdateProduct" time="0.106"/>
  <system-out/>
  <testcase classname="test.ApplicationFastFood" name="testUpdateProduct" time="0.125"/>
  <system-out/>
  <testcase classname="test.ApplicationFastFood" name="testUpdateProduct" time="0.118"/>
  <system-out/>
  <testcase classname="test.ApplicationFastFood" name="testUpdateProduct" time="0.161"/>
  <system-out/>
  <testcase classname="test.ApplicationFastFood" name="testUpdateProduct" time="0.129"/>
  <system-out/>
  <testcase classname="test.ApplicationFastFood" name="testUpdateProduct" time="0.154"/>
  <system-out/>
  <testcase classname="test.ApplicationFastFood" name="testUpdateProduct" time="0.108"/>
  <system-out/>
  <testcase classname="test.ApplicationFastFood" name="testUpdateProduct" time="0.180"/>
  <system-out/>
  <testcase classname="test.ApplicationFastFood" name="testUpdateProduct" time="0.106"/>
  <system-out/>
  <testcase classname="test.ApplicationFastFood" name="testUpdateProduct" time="0.105"/>
  <system-out/>
  <testcase classname="test.ApplicationFastFood" name="testUpdateProduct" time="0.123"/>
  <system-out/>
  <testcase classname="test.ApplicationFastFood" name="testUpdateProduct" time="0.110"/>
  <system-out/>
  <testcase classname="test.ApplicationFastFood" name="testUpdateProduct" time="0.123"/>
  <system-out/>
  <testcase classname="test.ApplicationFastFood" name="testUpdateProduct" time="0.121"/>
  <system-out/>
  <testcase classname="test.ApplicationFastFood" name="testUpdateProduct" time="0.158"/>
  <system-out/>
  <testcase classname="test.ApplicationFastFood" name="testUpdateProduct" time="0.105"/>
  <system-out/>
  <testcase classname="test.ApplicationFastFood" name="testUpdateProduct" time="0.102"/>
  <system-out/>
  <testcase classname="test.ApplicationFastFood" name="testUpdateProduct" time="0.119"/>
  <system-out/>
  <testcase classname="test.ApplicationFastFood" name="testUpdateProduct" time="0.114"/>
  <system-out/>
  <testcase classname="test.ApplicationFastFood" name="testUpdateProduct" time="0.124"/>
  <system-out/>
  <testcase classname="test.ApplicationFastFood" name="testUpdateProduct" time="0.161"/>
  <system-out/>
  <testcase classname="test.ApplicationFastFood" name="testUpdateProduct" time="0.121"/>
  <system-out/>
  <testcase classname="test.ApplicationFastFood" name="testUpdateProduct" time="0.116"/>
  <system-out/>
  <testcase classname="test.ApplicationFastFood" name="testUpdateProduct" time="0.106"/>
  <system-out/>
  <testcase classname="test.ApplicationFastFood" name="testUpdateProduct" time="0.111"/>
  <system-out/>
  <testcase classname="test.ApplicationFastFood" name="testUpdateProduct" time="0.109"/>
  <system-out/>
  <testcase classname="test.ApplicationFastFood" name="testUpdateProduct" time="0.106"/>
  <system-out/>
  <testcase classname="test.ApplicationFastFood" name="testUpdateProduct" time="0.116"/>
  <system-out/>
  <testcase classname="test.ApplicationFastFood" name="testUpdateProduct" time="0.149"/>
  <system-out/>
  <testcase classname="test.ApplicationFastFood" name="testUpdateProduct" time="0.113"/>
  <system-out/>
  <testcase classname="test.ApplicationFastFood" name="testUpdateProduct" time="0.111"/>
  <system-out/>
  <testcase classname="test.ApplicationFastFood" name="testUpdateProduct" time="0.107"/>
  <system-out/>
  <testcase classname="test.ApplicationFastFood" name="testUpdateProduct" time="0.115"/>
  <system-out/>
  <testcase classname="test.ApplicationFastFood" name="testUpdateProduct" time="0.110"/>
  <system-out/>
  <testcase classname="test.ApplicationFastFood" name="testUpdateProduct" time="0.106"/>
  <system-out/>
  <testcase classname="test.ApplicationFastFood" name="testUpdateProduct" time="0.120"/>
  <system-out/>
  <testcase classname="test.ApplicationFastFood" name="testUpdateProduct" time="0.175"/>
  <system-out/>
  <testcase classname="test.ApplicationFastFood" name="testUpdateProduct" time="0.112"/>
  <system-out/>
  <testcase classname="test.ApplicationFastFood" name="testUpdateProduct" time="0.186"/>
  <system-out/>
  <testcase classname="test.ApplicationFastFood" name="testUpdateProduct" time="0.131"/>
  <system-out/>
  <testcase classname="test.ApplicationFastFood" name="testUpdateProduct" time="0.104"/>
  <system-out/>
  <testcase classname="test.ApplicationFastFood" name="testUpdateProduct" time="0.105"/>
  <system-out/>
  <testcase classname="test.ApplicationFastFood" name="testUpdateProduct" time="0.108"/>
  <system-out/>
  <testcase classname="test.ApplicationFastFood" name="testUpdateProduct" time="0.107"/>
  <system-out/>
  <testcase classname="test.ApplicationFastFood" name="testUpdateProduct" time="0.114"/>
  <system-out/>
  <testcase classname="test.ApplicationFastFood" name="testUpdateProduct" time="0.108"/>
  <system-out/>
  <testcase classname="test.ApplicationFastFood" name="testUpdateProduct" time="0.116">
    <failure message="expected [true] but found [false]" type="java.lang.AssertionError">
      <![CDATA[java.lang.AssertionError: expected [true] but found [false]
at org.testng.Assert.fail(Assert.java:99)
at org.testng.Assert.failNotEquals(Assert.java:1037)
at org.testng.Assert.assertTrue(Assert.java:45)
at org.testng.Assert.assertTrue(Assert.java:55)
at test.ApplicationFastFood.testUpdateProduct(ApplicationFastFood.java:5938)
at jdk.internal.reflect.GeneratedMethodAccessor8.invoke(Unknown Source)
at java.base/jdk.internal.reflect.DelegatingMethodAccessorImpl.invoke(DelegatingMethodAccessorImpl.java:43)
at java.base/java.lang.reflect.Method.invoke(Method.java:568)
at org.testng.internal.MethodInvocationHelper.invokeMethod(MethodInvocationHelper.java:133)
at org.testng.internal.TestInvoker.invokeMethod(TestInvoker.java:598)
at org.testng.internal.TestInvoker.invokeTestMethod(TestInvoker.java:173)
at org.testng.internal.MethodRunner.runInSequence(MethodRunner.java:46)
at org.testng.internal.TestInvoker$MethodInvocationAgent.invoke(TestInvoker.java:824)
at org.testng.internal.TestInvoker.invokeTestMethods(TestInvoker.java:146)
at org.testng.internal.TestMethodWorker.invokeTestMethods(TestMethodWorker.java:146)
at org.testng.internal.TestMethodWorker.run(TestMethodWorker.java:128)
at java.base/java.util.ArrayList.forEach(ArrayList.java:1511)
at org.testng.TestRunner.privateRun(TestRunner.java:794)
at org.testng.TestRunner.run(TestRunner.java:596)
at org.testng.SuiteRunner.runTest(SuiteRunner.java:377)
at org.testng.SuiteRunner.runSequentially(SuiteRunner.java:371)
at org.testng.SuiteRunner.privateRun(SuiteRunner.java:332)
at org.testng.SuiteRunner.run(SuiteRunner.java:276)
at org.testng.SuiteRunnerWorker.runSuite(SuiteRunnerWorker.java:53)
at org.testng.SuiteRunnerWorker.run(SuiteRunnerWorker.java:96)
at org.testng.TestNG.runSuitesSequentially(TestNG.java:1212)
at org.testng.TestNG.runSuitesLocally(TestNG.java:1134)
at org.testng.TestNG.runSuites(TestNG.java:1063)
at org.testng.TestNG.run(TestNG.java:1031)
at org.testng.remote.AbstractRemoteTestNG.run(AbstractRemoteTestNG.java:115)
at org.testng.remote.RemoteTestNG.initAndRun(RemoteTestNG.java:251)
at org.testng.remote.RemoteTestNG.main(RemoteTestNG.java:77)
]]>
    </failure>
  </testcase> <!-- testUpdateProduct -->
  <system-out/>
  <testcase classname="test.ApplicationFastFood" name="testUpdateProduct" time="0.108"/>
  <system-out/>
  <testcase classname="test.ApplicationFastFood" name="testUpdateProduct" time="0.114"/>
  <system-out/>
  <testcase classname="test.ApplicationFastFood" name="testUpdateProduct" time="0.112"/>
  <system-out/>
  <testcase classname="test.ApplicationFastFood" name="testUpdateProduct" time="0.147"/>
  <system-out/>
  <testcase classname="test.ApplicationFastFood" name="testUpdateProduct" time="0.106"/>
  <system-out/>
  <testcase classname="test.ApplicationFastFood" name="testUpdateProduct" time="0.113"/>
  <system-out/>
  <testcase classname="test.ApplicationFastFood" name="testUpdateProduct" time="0.102"/>
  <system-out/>
  <testcase classname="test.ApplicationFastFood" name="testUpdateProduct" time="0.139"/>
  <system-out/>
  <testcase classname="test.ApplicationFastFood" name="testUpdateProduct" time="0.158">
    <failure message="expected [true] but found [false]" type="java.lang.AssertionError">
      <![CDATA[java.lang.AssertionError: expected [true] but found [false]
at org.testng.Assert.fail(Assert.java:99)
at org.testng.Assert.failNotEquals(Assert.java:1037)
at org.testng.Assert.assertTrue(Assert.java:45)
at org.testng.Assert.assertTrue(Assert.java:55)
at test.ApplicationFastFood.testUpdateProduct(ApplicationFastFood.java:5938)
at jdk.internal.reflect.GeneratedMethodAccessor8.invoke(Unknown Source)
at java.base/jdk.internal.reflect.DelegatingMethodAccessorImpl.invoke(DelegatingMethodAccessorImpl.java:43)
at java.base/java.lang.reflect.Method.invoke(Method.java:568)
at org.testng.internal.MethodInvocationHelper.invokeMethod(MethodInvocationHelper.java:133)
at org.testng.internal.TestInvoker.invokeMethod(TestInvoker.java:598)
at org.testng.internal.TestInvoker.invokeTestMethod(TestInvoker.java:173)
at org.testng.internal.MethodRunner.runInSequence(MethodRunner.java:46)
at org.testng.internal.TestInvoker$MethodInvocationAgent.invoke(TestInvoker.java:824)
at org.testng.internal.TestInvoker.invokeTestMethods(TestInvoker.java:146)
at org.testng.internal.TestMethodWorker.invokeTestMethods(TestMethodWorker.java:146)
at org.testng.internal.TestMethodWorker.run(TestMethodWorker.java:128)
at java.base/java.util.ArrayList.forEach(ArrayList.java:1511)
at org.testng.TestRunner.privateRun(TestRunner.java:794)
at org.testng.TestRunner.run(TestRunner.java:596)
at org.testng.SuiteRunner.runTest(SuiteRunner.java:377)
at org.testng.SuiteRunner.runSequentially(SuiteRunner.java:371)
at org.testng.SuiteRunner.privateRun(SuiteRunner.java:332)
at org.testng.SuiteRunner.run(SuiteRunner.java:276)
at org.testng.SuiteRunnerWorker.runSuite(SuiteRunnerWorker.java:53)
at org.testng.SuiteRunnerWorker.run(SuiteRunnerWorker.java:96)
at org.testng.TestNG.runSuitesSequentially(TestNG.java:1212)
at org.testng.TestNG.runSuitesLocally(TestNG.java:1134)
at org.testng.TestNG.runSuites(TestNG.java:1063)
at org.testng.TestNG.run(TestNG.java:1031)
at org.testng.remote.AbstractRemoteTestNG.run(AbstractRemoteTestNG.java:115)
at org.testng.remote.RemoteTestNG.initAndRun(RemoteTestNG.java:251)
at org.testng.remote.RemoteTestNG.main(RemoteTestNG.java:77)
]]>
    </failure>
  </testcase> <!-- testUpdateProduct -->
  <system-out/>
  <testcase classname="test.ApplicationFastFood" name="testUpdateProduct" time="0.104"/>
  <system-out/>
  <testcase classname="test.ApplicationFastFood" name="testUpdateProduct" time="0.101"/>
  <system-out/>
  <testcase classname="test.ApplicationFastFood" name="testUpdateProduct" time="0.104"/>
  <system-out/>
  <testcase classname="test.ApplicationFastFood" name="testUpdateProduct" time="0.117"/>
  <system-out/>
  <testcase classname="test.ApplicationFastFood" name="testUpdateProduct" time="0.125"/>
  <system-out/>
  <testcase classname="test.ApplicationFastFood" name="testUpdateProduct" time="0.131"/>
  <system-out/>
  <testcase classname="test.ApplicationFastFood" name="testUpdateProduct" time="0.105"/>
  <system-out/>
  <testcase classname="test.ApplicationFastFood" name="testUpdateProduct" time="0.112"/>
  <system-out/>
  <testcase classname="test.ApplicationFastFood" name="testUpdateProduct" time="0.115"/>
  <system-out/>
  <testcase classname="test.ApplicationFastFood" name="testUpdateProduct" time="0.103"/>
  <system-out/>
  <testcase classname="test.ApplicationFastFood" name="testUpdateProduct" time="0.112"/>
  <system-out/>
  <testcase classname="test.ApplicationFastFood" name="testUpdateProduct" time="0.121"/>
  <system-out/>
  <testcase classname="test.ApplicationFastFood" name="testUpdateProduct" time="0.111"/>
  <system-out/>
  <testcase classname="test.ApplicationFastFood" name="testUpdateProduct" time="0.139"/>
  <system-out/>
  <testcase classname="test.ApplicationFastFood" name="testUpdateProduct" time="0.125"/>
  <system-out/>
  <testcase classname="test.ApplicationFastFood" name="testUpdateProduct" time="0.107"/>
  <system-out/>
  <testcase classname="test.ApplicationFastFood" name="testUpdateProduct" time="0.108"/>
  <system-out/>
  <testcase classname="test.ApplicationFastFood" name="testUpdateProduct" time="0.130"/>
  <system-out/>
  <testcase classname="test.ApplicationFastFood" name="testUpdateProduct" time="0.104"/>
  <system-out/>
  <testcase classname="test.ApplicationFastFood" name="testUpdateProduct" time="0.109"/>
  <system-out/>
  <testcase classname="test.ApplicationFastFood" name="testUpdateProduct" time="0.111"/>
  <system-out/>
  <testcase classname="test.ApplicationFastFood" name="testUpdateProduct" time="0.129"/>
  <system-out/>
  <testcase classname="test.ApplicationFastFood" name="testUpdateProduct" time="0.109"/>
  <system-out/>
  <testcase classname="test.ApplicationFastFood" name="testUpdateProduct" time="0.114"/>
  <system-out/>
  <testcase classname="test.ApplicationFastFood" name="testUpdateProduct" time="0.107"/>
  <system-out/>
  <testcase classname="test.ApplicationFastFood" name="testUpdateProduct" time="0.116"/>
  <system-out/>
  <testcase classname="test.ApplicationFastFood" name="testUpdateProduct" time="0.106"/>
  <system-out/>
  <testcase classname="test.ApplicationFastFood" name="testUpdateProduct" time="0.129">
    <error message="Cannot invoke &quot;fastfood.entity.TypeProduct.getIdType()&quot; because the return value of &quot;javax.swing.JComboBox.getSelectedItem()&quot; is null" type="java.lang.NullPointerException">
      <![CDATA[java.lang.NullPointerException: Cannot invoke "fastfood.entity.TypeProduct.getIdType()" because the return value of "javax.swing.JComboBox.getSelectedItem()" is null
at test.ApplicationFastFood.getProductInsert(ApplicationFastFood.java:4776)
at test.ApplicationFastFood.insertProduct(ApplicationFastFood.java:3634)
at test.ApplicationFastFood.jButton3ActionPerformed(ApplicationFastFood.java:4218)
at test.ApplicationFastFood$20.actionPerformed(ApplicationFastFood.java:913)
at java.desktop/javax.swing.AbstractButton.fireActionPerformed(AbstractButton.java:1972)
at java.desktop/javax.swing.AbstractButton$Handler.actionPerformed(AbstractButton.java:2313)
at java.desktop/javax.swing.DefaultButtonModel.fireActionPerformed(DefaultButtonModel.java:405)
at java.desktop/javax.swing.DefaultButtonModel.setPressed(DefaultButtonModel.java:262)
at java.desktop/javax.swing.AbstractButton.doClick(AbstractButton.java:374)
at java.desktop/javax.swing.AbstractButton.doClick(AbstractButton.java:354)
at test.ApplicationFastFood.testUpdateProduct(ApplicationFastFood.java:5929)
at jdk.internal.reflect.GeneratedMethodAccessor8.invoke(Unknown Source)
at java.base/jdk.internal.reflect.DelegatingMethodAccessorImpl.invoke(DelegatingMethodAccessorImpl.java:43)
at java.base/java.lang.reflect.Method.invoke(Method.java:568)
at org.testng.internal.MethodInvocationHelper.invokeMethod(MethodInvocationHelper.java:133)
at org.testng.internal.TestInvoker.invokeMethod(TestInvoker.java:598)
at org.testng.internal.TestInvoker.invokeTestMethod(TestInvoker.java:173)
at org.testng.internal.MethodRunner.runInSequence(MethodRunner.java:46)
at org.testng.internal.TestInvoker$MethodInvocationAgent.invoke(TestInvoker.java:824)
at org.testng.internal.TestInvoker.invokeTestMethods(TestInvoker.java:146)
at org.testng.internal.TestMethodWorker.invokeTestMethods(TestMethodWorker.java:146)
at org.testng.internal.TestMethodWorker.run(TestMethodWorker.java:128)
at java.base/java.util.ArrayList.forEach(ArrayList.java:1511)
at org.testng.TestRunner.privateRun(TestRunner.java:794)
at org.testng.TestRunner.run(TestRunner.java:596)
at org.testng.SuiteRunner.runTest(SuiteRunner.java:377)
at org.testng.SuiteRunner.runSequentially(SuiteRunner.java:371)
at org.testng.SuiteRunner.privateRun(SuiteRunner.java:332)
at org.testng.SuiteRunner.run(SuiteRunner.java:276)
at org.testng.SuiteRunnerWorker.runSuite(SuiteRunnerWorker.java:53)
at org.testng.SuiteRunnerWorker.run(SuiteRunnerWorker.java:96)
at org.testng.TestNG.runSuitesSequentially(TestNG.java:1212)
at org.testng.TestNG.runSuitesLocally(TestNG.java:1134)
at org.testng.TestNG.runSuites(TestNG.java:1063)
at org.testng.TestNG.run(TestNG.java:1031)
at org.testng.remote.AbstractRemoteTestNG.run(AbstractRemoteTestNG.java:115)
at org.testng.remote.RemoteTestNG.initAndRun(RemoteTestNG.java:251)
at org.testng.remote.RemoteTestNG.main(RemoteTestNG.java:77)
]]>
    </error>
  </testcase> <!-- testUpdateProduct -->
  <system-out/>
  <testcase classname="test.ApplicationFastFood" name="testUpdateProduct" time="0.111"/>
  <system-out/>
  <testcase classname="test.ApplicationFastFood" name="testUpdateProduct" time="0.152"/>
  <system-out/>
  <testcase classname="test.ApplicationFastFood" name="testUpdateProduct" time="0.109"/>
  <system-out/>
  <testcase classname="test.ApplicationFastFood" name="testUpdateProduct" time="0.101"/>
  <system-out/>
  <testcase classname="test.ApplicationFastFood" name="testUpdateProduct" time="0.114"/>
  <system-out/>
  <testcase classname="test.ApplicationFastFood" name="testUpdateProduct" time="0.106"/>
  <system-out/>
</testsuite> <!-- test.ApplicationFastFood -->
